GENERATED AUTOMATICALLY - DO NOT REMOVE, EDIT OR GITIGNORE THIS FILE
[2023-12-11T11:29:58.139Z][3.318.0] Migration get-cbs-admin-url-by-short-name.js finished successfully.
[2023-12-11T11:29:58.254Z][3.318.0] Migration navigate-reach-router.js finished successfully.
[2023-12-11T11:29:58.348Z][3.318.0] Migration useNavigate-reach-router.js finished successfully.
[2023-12-11T11:29:58.433Z][3.319.3] Migration DeepNoAuthErrors.js finished successfully.
[2023-12-11T11:29:58.504Z][3.319.3] Migration DeepNoDataFetchingErrors.js finished successfully.
[2023-12-11T11:29:58.573Z][3.319.3] Migration deepHasNoAuthErrors.js finished successfully.
[2023-12-11T11:29:58.639Z][3.319.3] Migration deepHasNoDataFetchingErrors.js finished successfully.
[2023-12-11T11:29:58.704Z][3.319.3] Migration findAuthError.js finished successfully.
[2023-12-11T11:29:58.806Z][3.319.3] Migration findDataFetchingError.js finished successfully.
[2023-12-11T11:29:58.869Z][3.319.3] Migration isAuthError.js finished successfully.
[2023-12-11T11:29:58.937Z][3.319.3] Migration isDataFetchingError.js finished successfully.
[2023-12-11T11:29:58.940Z][3.338.0] Migration ts-config-include-setup-jest.js finished successfully.
[2023-12-11T11:34:24.326Z][4.1.0] Migration addPropsWithChildren.js finished successfully.
[2023-12-11T11:34:32.465Z][4.1.0] Migration antd.js finished successfully.
[2023-12-11T11:34:32.470Z][4.1.0] Migration bumpTestingLibrary.js finished successfully.
[2023-12-11T11:34:32.473Z][4.1.0] Migration bumpTypescript.js finished successfully.
[2023-12-11T11:34:32.650Z][4.1.0] Migration migrateReachRouter.js finished successfully.
[2023-12-11T11:34:32.796Z][4.1.0] Migration momentToDayjs.js finished successfully.
[2023-12-11T11:34:32.798Z][4.1.0] Migration remove-xstyled-components.js finished successfully.
[2023-12-11T11:34:32.896Z][4.1.0] Migration replace-xstyled-to-styled-components.js finished successfully.
[2023-12-11T11:34:32.978Z][4.1.0] Migration replace-xstyled-variables.js finished successfully.
[2023-12-11T11:34:33.066Z][4.1.0] Migration replaceImports.js finished successfully.
[2023-12-11T11:34:33.068Z][4.1.0] Migration replaceReachWithReactRouter.js finished successfully.
[2023-12-11T11:34:33.161Z][4.1.0] Migration replaceRenderMethod.js finished successfully.
[2023-12-11T11:34:33.252Z][4.1.0] Migration routeProps.js finished successfully.
[2023-12-11T11:34:33.255Z][4.1.0] Migration updateReact.js finished successfully.
[2023-12-11T11:34:33.344Z][4.1.0] Migration useMatch.js finished successfully.
[2023-12-11T11:34:33.423Z][4.1.0] Migration useNavigate.js finished successfully.
[2023-12-11T11:34:33.489Z][4.4.0] Migration action-button.js finished successfully.
[2023-12-11T11:34:33.560Z][4.4.0] Migration link.js finished successfully.
[2023-12-11T11:34:33.617Z][4.4.0] Migration multilink.js finished successfully.
[2023-12-11T11:34:33.676Z][4.4.0] Migration offer-multilink.js finished successfully.
[2023-12-11T11:34:33.747Z][4.4.0] Migration user-multilink.js finished successfully.
